<?xml version="1.0" encoding="UTF-8"?>
<!-- Generated by org.testng.reporters.JUnitXMLReporter -->
<testsuite hostname="LT0601123" ignored="1" name="Default test" tests="1" failures="0" timestamp="19 Mar 2019 02:27:28 GMT" time="114.067" errors="0">
  <testcase name="TT_1237" time="53.347" classname="talentwize.Test_FunctionalAccess_ReportPermission_AssetReport"/>
  <testcase name="TT_1248" time="0.0" classname="talentwize.Test_FunctionalAccess_ReportPermission_AssetReport">
    <ignored/>
  </testcase> <!-- TT_1248 -->
</testsuite> <!-- Default test -->
