<?xml version="1.0" encoding="UTF-8"?>
<testng-results skipped="0" failed="0" ignored="1" total="2" passed="1">
  <reporter-output>
  </reporter-output>
  <suite name="Default suite" duration-ms="114067" started-at="2019-03-19T02:25:34Z" finished-at="2019-03-19T02:27:28Z">
    <groups>
    </groups>
    <test name="Default test" duration-ms="114067" started-at="2019-03-19T02:25:34Z" finished-at="2019-03-19T02:27:28Z">
      <class name="talentwize.Test_FunctionalAccess_ReportPermission_AssetReport">
        <test-method status="PASS" signature="KhoiTaoCacNguonTaiNguyen()[pri:0, instance:talentwize.Test_FunctionalAccess_ReportPermission_AssetReport@3fee9989]" name="KhoiTaoCacNguonTaiNguyen" is-config="true" duration-ms="12681" started-at="2019-03-19T02:25:34Z" finished-at="2019-03-19T02:25:46Z">
          <reporter-output>
          </reporter-output>
        </test-method> <!-- KhoiTaoCacNguonTaiNguyen -->
        <test-method status="PASS" signature="TT_1237()[pri:1, instance:talentwize.Test_FunctionalAccess_ReportPermission_AssetReport@3fee9989]" name="TT_1237" duration-ms="53347" started-at="2019-03-19T02:25:46Z" finished-at="2019-03-19T02:26:40Z">
          <reporter-output>
          </reporter-output>
        </test-method> <!-- TT_1237 -->
        <test-method status="PASS" signature="finishTestCase()[pri:0, instance:talentwize.Test_FunctionalAccess_ReportPermission_AssetReport@3fee9989]" name="finishTestCase" is-config="true" duration-ms="45880" started-at="2019-03-19T02:26:40Z" finished-at="2019-03-19T02:27:26Z">
          <reporter-output>
          </reporter-output>
        </test-method> <!-- finishTestCase -->
        <test-method status="PASS" signature="dongTrinhDuyet()[pri:0, instance:talentwize.Test_FunctionalAccess_ReportPermission_AssetReport@3fee9989]" name="dongTrinhDuyet" is-config="true" duration-ms="2125" started-at="2019-03-19T02:27:26Z" finished-at="2019-03-19T02:27:28Z">
          <reporter-output>
          </reporter-output>
        </test-method> <!-- dongTrinhDuyet -->
      </class> <!-- talentwize.Test_FunctionalAccess_ReportPermission_AssetReport -->
    </test> <!-- Default test -->
  </suite> <!-- Default suite -->
</testng-results>
